# JRE version: Java(TM) SE Runtime Environment (21.0.2+13) (build 21.0.2+13-LTS-58)
# Java VM: Java HotSpot(TM) 64-Bit Server VM (21.0.2+13-LTS-58, mixed mode, emulated-client, sharing, tiered, compressed oops, compressed class ptrs, g1 gc, windows-amd64)
GC Precious Log:
 CardTable entry size: 512
 Card Set container configuration: InlinePtr #cards 5 size 8 Array Of Cards #cards 12 size 40 Howl #buckets 4 coarsen threshold 1843 Howl Bitmap #cards 512 size 80 coarsen threshold 460 Card regions per heap region 1 cards per card region 2048
 CPUs: 8 total, 8 available
 Memory: 3422M
 Large Page Support: Disabled
 NUMA Support: Disabled
 Compressed Oops: Enabled (32-bit)
 Heap Region Size: 1M
 Heap Min Capacity: 8M
 Heap Initial Capacity: 54M
 Heap Max Capacity: 856M
 Pre-touch: Disabled
 Parallel Workers: 8
 Concurrent Workers: 2
 Concurrent Refinement Workers: 8
 Periodic GC: Disabled
Heap:
 garbage-first heap   total 55296K, used 23954K [0x00000000ca800000, 0x0000000100000000)
  region size 1024K, 3 young (3072K), 3 survivors (3072K)
 Metaspace       used 35688K, committed 36288K, reserved 1114112K
  class space    used 4924K, committed 5184K, reserved 1048576K
GC Heap History (19 events):
Event: 1.482 GC heap before
{Heap before GC invocations=0 (full 0):
 garbage-first heap   total 55296K, used 23552K [0x00000000ca800000, 0x0000000100000000)
  region size 1024K, 23 young (23552K), 0 survivors (0K)
 Metaspace       used 6913K, committed 7168K, reserved 1114112K
  class space    used 838K, committed 960K, reserved 1048576K
}
Event: 1.496 GC heap after
{Heap after GC invocations=1 (full 0):
 garbage-first heap   total 55296K, used 8777K [0x00000000ca800000, 0x0000000100000000)
  region size 1024K, 3 young (3072K), 3 survivors (3072K)
 Metaspace       used 6913K, committed 7168K, reserved 1114112K
  class space    used 838K, committed 960K, reserved 1048576K
}
Event: 2.141 GC heap before
{Heap before GC invocations=1 (full 0):
 garbage-first heap   total 55296K, used 29257K [0x00000000ca800000, 0x0000000100000000)
  region size 1024K, 24 young (24576K), 3 survivors (3072K)
 Metaspace       used 11016K, committed 11328K, reserved 1114112K
  class space    used 1440K, committed 1536K, reserved 1048576K
}
Event: 2.146 GC heap after
{Heap after GC invocations=2 (full 0):
 garbage-first heap   total 55296K, used 10905K [0x00000000ca800000, 0x0000000100000000)
  region size 1024K, 2 young (2048K), 2 survivors (2048K)
 Metaspace       used 11016K, committed 11328K, reserved 1114112K
  class space    used 1440K, committed 1536K, reserved 1048576K
}
Event: 2.507 GC heap before
{Heap before GC invocations=2 (full 0):
 garbage-first heap   total 55296K, used 32409K [0x00000000ca800000, 0x0000000100000000)
  region size 1024K, 24 young (24576K), 2 survivors (2048K)
 Metaspace       used 15909K, committed 16256K, reserved 1114112K
  class space    used 2223K, committed 2368K, reserved 1048576K
}
Event: 2.512 GC heap after
{Heap after GC invocations=3 (full 0):
 garbage-first heap   total 55296K, used 12517K [0x00000000ca800000, 0x0000000100000000)
  region size 1024K, 2 young (2048K), 2 survivors (2048K)
 Metaspace       used 15909K, committed 16256K, reserved 1114112K
  class space    used 2223K, committed 2368K, reserved 1048576K
}
Event: 2.869 GC heap before
{Heap before GC invocations=3 (full 0):
 garbage-first heap   total 55296K, used 36069K [0x00000000ca800000, 0x0000000100000000)
  region size 1024K, 26 young (26624K), 2 survivors (2048K)
 Metaspace       used 20856K, committed 21248K, reserved 1114112K
  class space    used 2792K, committed 2944K, reserved 1048576K
}
Event: 2.873 GC heap after
{Heap after GC invocations=4 (full 0):
 garbage-first heap   total 55296K, used 14940K [0x00000000ca800000, 0x0000000100000000)
  region size 1024K, 4 young (4096K), 4 survivors (4096K)
 Metaspace       used 20856K, committed 21248K, reserved 1114112K
  class space    used 2792K, committed 2944K, reserved 1048576K
}
Event: 2.889 GC heap before
{Heap before GC invocations=4 (full 0):
 garbage-first heap   total 55296K, used 16988K [0x00000000ca800000, 0x0000000100000000)
  region size 1024K, 7 young (7168K), 4 survivors (4096K)
 Metaspace       used 21208K, committed 21504K, reserved 1114112K
  class space    used 2831K, committed 2944K, reserved 1048576K
}
Event: 2.893 GC heap after
{Heap after GC invocations=5 (full 0):
 garbage-first heap   total 55296K, used 15395K [0x00000000ca800000, 0x0000000100000000)
  region size 1024K, 1 young (1024K), 1 survivors (1024K)
 Metaspace       used 21208K, committed 21504K, reserved 1114112K
  class space    used 2831K, committed 2944K, reserved 1048576K
}
Event: 3.401 GC heap before
{Heap before GC invocations=6 (full 0):
 garbage-first heap   total 55296K, used 42019K [0x00000000ca800000, 0x0000000100000000)
  region size 1024K, 28 young (28672K), 1 survivors (1024K)
 Metaspace       used 23931K, committed 24320K, reserved 1114112K
  class space    used 3255K, committed 3456K, reserved 1048576K
}
Event: 3.404 GC heap after
{Heap after GC invocations=7 (full 0):
 garbage-first heap   total 55296K, used 17533K [0x00000000ca800000, 0x0000000100000000)
  region size 1024K, 3 young (3072K), 3 survivors (3072K)
 Metaspace       used 23931K, committed 24320K, reserved 1114112K
  class space    used 3255K, committed 3456K, reserved 1048576K
}
Event: 4.175 GC heap before
{Heap before GC invocations=7 (full 0):
 garbage-first heap   total 55296K, used 43133K [0x00000000ca800000, 0x0000000100000000)
  region size 1024K, 29 young (29696K), 3 survivors (3072K)
 Metaspace       used 27177K, committed 27584K, reserved 1114112K
  class space    used 3690K, committed 3904K, reserved 1048576K
}
Event: 4.180 GC heap after
{Heap after GC invocations=8 (full 0):
 garbage-first heap   total 55296K, used 19105K [0x00000000ca800000, 0x0000000100000000)
  region size 1024K, 2 young (2048K), 2 survivors (2048K)
 Metaspace       used 27177K, committed 27584K, reserved 1114112K
  class space    used 3690K, committed 3904K, reserved 1048576K
}
Event: 5.000 GC heap before
{Heap before GC invocations=8 (full 0):
 garbage-first heap   total 55296K, used 45729K [0x00000000ca800000, 0x0000000100000000)
  region size 1024K, 28 young (28672K), 2 survivors (2048K)
 Metaspace       used 31073K, committed 31616K, reserved 1114112K
  class space    used 4295K, committed 4544K, reserved 1048576K
}
Event: 5.006 GC heap after
{Heap after GC invocations=9 (full 0):
 garbage-first heap   total 55296K, used 21578K [0x00000000ca800000, 0x0000000100000000)
  region size 1024K, 4 young (4096K), 4 survivors (4096K)
 Metaspace       used 31073K, committed 31616K, reserved 1114112K
  class space    used 4295K, committed 4544K, reserved 1048576K
}
Event: 5.534 GC heap before
{Heap before GC invocations=9 (full 0):
 garbage-first heap   total 55296K, used 45130K [0x00000000ca800000, 0x0000000100000000)
  region size 1024K, 28 young (28672K), 4 survivors (4096K)
 Metaspace       used 33952K, committed 34496K, reserved 1114112K
  class space    used 4692K, committed 4928K, reserved 1048576K
}
Event: 5.542 GC heap after
{Heap after GC invocations=10 (full 0):
 garbage-first heap   total 55296K, used 23586K [0x00000000ca800000, 0x0000000100000000)
  region size 1024K, 2 young (2048K), 2 survivors (2048K)
 Metaspace       used 33952K, committed 34496K, reserved 1114112K
  class space    used 4692K, committed 4928K, reserved 1048576K
}
Event: 5.834 GC heap before
{Heap before GC invocations=10 (full 0):
 garbage-first heap   total 55296K, used 32802K [0x00000000ca800000, 0x0000000100000000)
  region size 1024K, 13 young (13312K), 2 survivors (2048K)
 Metaspace       used 35688K, committed 36288K, reserved 1114112K
  class space    used 4924K, committed 5184K, reserved 1048576K
}

